2022-04-02 23:28:16,100:coin1 = KRW-ZIL, coin1_percent = 0.3338461538461539, coin1_open : 233.0, coin1_ma10 : 136.39, coin1_target : 265.5, coin1_status : 0
2022-04-02 23:28:16,101:coin2 = KRW-WAVES, coin2_percent = 0.5, coin2_open : 63810.0, coin2_ma10 : 51219.0, coin2_target : 68530.0, coin2_status : 0
2022-04-02 23:28:16,101:krw_balance : 73939348
2022-04-02 23:28:16,102:program started
2022-04-02 23:28:16,199:programm error : local variable 'coin2_current_price' referenced before assignment
2022-04-02 23:28:16,249:programm error : local variable 'coin2_current_price' referenced before assignment
2022-04-02 23:28:16,262:programm error : local variable 'coin2_current_price' referenced before assignment
2022-04-02 23:28:16,349:programm error : local variable 'coin2_current_price' referenced before assignment
2022-04-02 23:28:16,461:programm error : local variable 'coin2_current_price' referenced before assignment
2022-04-02 23:28:16,473:programm error : local variable 'coin2_current_price' referenced before assignment
2022-04-02 23:28:16,477:programm error : local variable 'coin2_current_price' referenced before assignment
2022-04-02 23:28:16,484:programm error : local variable 'coin2_current_price' referenced before assignment
2022-04-02 23:28:16,485:programm error : local variable 'coin2_current_price' referenced before assignment
2022-04-02 23:28:16,495:programm error : local variable 'coin2_current_price' referenced before assignment
2022-04-02 23:28:16,499:programm error : local variable 'coin2_current_price' referenced before assignment
2022-04-02 23:28:16,506:programm error : local variable 'coin2_current_price' referenced before assignment
2022-04-02 23:28:16,507:programm error : local variable 'coin2_current_price' referenced before assignment
2022-04-02 23:28:16,507:programm error : local variable 'coin2_current_price' referenced before assignment
2022-04-02 23:28:16,513:programm error : local variable 'coin2_current_price' referenced before assignment
2022-04-02 23:28:16,513:programm error : local variable 'coin2_current_price' referenced before assignment
2022-04-02 23:28:16,514:programm error : local variable 'coin2_current_price' referenced before assignment
2022-04-02 23:28:16,514:programm error : local variable 'coin2_current_price' referenced before assignment
2022-04-02 23:28:16,514:programm error : local variable 'coin2_current_price' referenced before assignment
2022-04-02 23:28:16,519:programm error : local variable 'coin2_current_price' referenced before assignment
2022-04-02 23:28:16,525:programm error : local variable 'coin2_current_price' referenced before assignment
2022-04-02 23:28:16,526:programm error : local variable 'coin2_current_price' referenced before assignment
2022-04-02 23:28:16,531:programm error : local variable 'coin2_current_price' referenced before assignment
2022-04-02 23:28:16,531:programm error : local variable 'coin2_current_price' referenced before assignment
2022-04-02 23:28:16,532:programm error : local variable 'coin2_current_price' referenced before assignment
2022-04-02 23:28:16,532:programm error : local variable 'coin2_current_price' referenced before assignment
2022-04-02 23:28:16,538:programm error : local variable 'coin2_current_price' referenced before assignment
2022-04-02 23:28:16,827:test text
2022-04-02 23:28:16,831:test text
2022-04-02 23:28:16,854:test text
2022-04-02 23:28:16,858:test text
2022-04-02 23:28:16,863:test text
2022-04-02 23:28:16,869:test text
2022-04-02 23:28:16,997:test text
2022-04-02 23:28:16,999:test text
2022-04-02 23:28:17,187:test text
2022-04-02 23:28:17,200:test text
2022-04-02 23:28:17,201:test text
2022-04-02 23:28:17,208:test text
2022-04-02 23:28:17,213:test text
2022-04-02 23:28:17,218:test text
2022-04-02 23:28:17,243:test text
2022-04-02 23:28:17,248:test text
2022-04-02 23:28:17,281:test text
2022-04-02 23:28:17,391:test text
2022-04-02 23:28:17,397:test text
2022-04-02 23:28:17,470:test text
2022-04-02 23:28:17,557:test text
2022-04-02 23:28:17,713:test text
2022-04-02 23:28:17,720:test text
2022-04-02 23:28:17,720:test text
2022-04-02 23:28:17,736:test text
2022-04-02 23:28:17,740:test text
2022-04-02 23:28:17,741:test text
2022-04-02 23:28:17,802:test text
2022-04-02 23:28:17,813:test text
2022-04-02 23:28:17,824:test text
2022-04-02 23:28:17,873:test text
2022-04-02 23:28:17,940:test text
2022-04-02 23:28:17,957:test text
2022-04-02 23:28:17,962:test text
2022-04-02 23:28:18,004:test text
2022-04-02 23:28:18,058:test text
2022-04-02 23:28:18,101:test text
2022-04-02 23:28:18,137:test text
2022-04-02 23:28:18,147:test text
2022-04-02 23:28:18,203:test text
2022-04-02 23:28:18,213:test text
2022-04-02 23:28:18,252:test text
2022-04-02 23:28:18,331:test text
2022-04-02 23:28:18,363:test text
2022-04-02 23:28:18,461:test text
2022-04-02 23:28:18,545:test text
2022-04-02 23:28:18,712:test text
2022-04-02 23:28:18,802:test text
2022-04-02 23:29:24,362:coin1 = KRW-ZIL, coin1_percent = 0.3338461538461539, coin1_open : 233.0, coin1_ma10 : 136.39, coin1_target : 265.5, coin1_status : 0
2022-04-02 23:29:24,363:coin2 = KRW-WAVES, coin2_percent = 0.5, coin2_open : 63810.0, coin2_ma10 : 51219.0, coin2_target : 68530.0, coin2_status : 0
2022-04-02 23:29:24,364:krw_balance : 73939348
2022-04-02 23:29:24,364:program started
2022-04-02 23:29:25,195:coin1 get
2022-04-02 23:29:25,196:programm error : local variable 'coin2_current_price' referenced before assignment
2022-04-02 23:29:25,197:programm error : local variable 'coin2_current_price' referenced before assignment
2022-04-02 23:29:25,198:programm error : local variable 'coin2_current_price' referenced before assignment
2022-04-02 23:29:25,198:programm error : local variable 'coin2_current_price' referenced before assignment
2022-04-02 23:29:25,198:programm error : local variable 'coin2_current_price' referenced before assignment
2022-04-02 23:29:25,198:programm error : local variable 'coin2_current_price' referenced before assignment
2022-04-02 23:29:25,198:programm error : local variable 'coin2_current_price' referenced before assignment
2022-04-02 23:29:25,198:programm error : local variable 'coin2_current_price' referenced before assignment
2022-04-02 23:29:25,198:programm error : local variable 'coin2_current_price' referenced before assignment
2022-04-02 23:29:25,198:programm error : local variable 'coin2_current_price' referenced before assignment
2022-04-02 23:29:25,199:programm error : local variable 'coin2_current_price' referenced before assignment
2022-04-02 23:29:25,199:programm error : local variable 'coin2_current_price' referenced before assignment
2022-04-02 23:29:25,199:programm error : local variable 'coin2_current_price' referenced before assignment
2022-04-02 23:29:25,199:programm error : local variable 'coin2_current_price' referenced before assignment
2022-04-02 23:29:25,199:programm error : local variable 'coin2_current_price' referenced before assignment
2022-04-02 23:29:25,199:programm error : local variable 'coin2_current_price' referenced before assignment
2022-04-02 23:29:25,272:programm error : local variable 'coin2_current_price' referenced before assignment
2022-04-02 23:29:25,273:test text
2022-04-02 23:29:25,275:test text
2022-04-02 23:29:25,276:test text
2022-04-02 23:29:25,329:test text
2022-04-02 23:29:25,332:test text
2022-04-02 23:29:25,336:test text
2022-04-02 23:29:25,448:test text
2022-04-02 23:29:25,452:test text
2022-04-02 23:29:25,458:test text
2022-04-02 23:29:25,463:test text
2022-04-02 23:29:25,467:test text
2022-04-02 23:29:25,475:test text
2022-04-02 23:29:25,475:test text
2022-04-02 23:29:25,476:test text
2022-04-02 23:29:25,476:test text
2022-04-02 23:29:25,476:test text
2022-04-02 23:29:25,502:test text
2022-04-02 23:29:25,592:test text
2022-04-02 23:29:25,598:test text
2022-04-02 23:29:25,605:test text
2022-04-02 23:29:25,611:test text
2022-04-02 23:29:25,617:test text
2022-04-02 23:29:25,623:test text
2022-04-02 23:29:25,624:test text
2022-04-02 23:29:25,624:test text
2022-04-02 23:29:25,624:test text
2022-04-02 23:29:25,625:test text
2022-04-02 23:29:25,625:test text
2022-04-02 23:29:25,625:test text
2022-04-02 23:29:25,625:test text
2022-04-02 23:29:25,626:test text
2022-04-02 23:29:25,631:test text
2022-04-02 23:29:25,635:test text
2022-04-02 23:29:25,635:test text
2022-04-02 23:29:25,642:test text
2022-04-02 23:29:25,643:test text
2022-04-02 23:29:25,643:test text
2022-04-02 23:29:25,643:test text
2022-04-02 23:29:25,643:test text
2022-04-02 23:29:25,643:test text
2022-04-02 23:29:25,644:test text
2022-04-02 23:29:25,644:test text
2022-04-02 23:29:25,644:test text
2022-04-02 23:29:25,693:test text
2022-04-02 23:29:25,711:test text
2022-04-02 23:29:25,728:test text
2022-04-02 23:29:25,738:test text
2022-04-02 23:29:25,738:test text
2022-04-02 23:29:25,741:test text
2022-04-02 23:29:25,752:test text
2022-04-02 23:29:25,752:test text
2022-04-02 23:29:25,752:test text
2022-04-02 23:29:25,752:test text
2022-04-02 23:29:25,753:test text
2022-04-02 23:29:25,755:test text
2022-04-02 23:29:25,762:test text
2022-04-02 23:29:25,763:test text
2022-04-02 23:29:25,811:test text
2022-04-02 23:29:25,816:test text
2022-04-02 23:29:25,820:test text
2022-04-02 23:29:25,829:test text
2022-04-02 23:29:25,835:test text
2022-04-02 23:29:26,119:test text
2022-04-02 23:29:26,368:test text
2022-04-02 23:29:26,734:test text
2022-04-02 23:29:26,784:test text
2022-04-02 23:29:26,784:test text
2022-04-02 23:29:26,867:test text
2022-04-02 23:29:26,902:test text
2022-04-02 23:29:26,944:test text
2022-04-02 23:29:26,989:test text
2022-04-02 23:29:27,088:test text
2022-04-02 23:29:27,210:test text
2022-04-02 23:29:27,211:test text
2022-04-02 23:29:27,215:test text
2022-04-02 23:29:27,219:test text
2022-04-02 23:29:27,220:test text
2022-04-02 23:29:27,227:test text
2022-04-02 23:29:27,227:test text
2022-04-02 23:29:27,345:test text
2022-04-02 23:29:27,407:test text
2022-04-02 23:29:27,419:test text
2022-04-02 23:29:27,423:test text
2022-04-02 23:29:27,428:test text
2022-04-02 23:29:27,428:test text
2022-04-02 23:29:27,434:test text
2022-04-02 23:29:27,434:test text
2022-04-02 23:29:27,439:test text
2022-04-02 23:29:27,440:test text
2022-04-02 23:29:27,440:test text
2022-04-02 23:29:27,445:test text
2022-04-02 23:29:27,445:test text
2022-04-02 23:29:27,445:test text
2022-04-02 23:29:27,448:test text
2022-04-02 23:29:27,454:test text
2022-04-02 23:29:27,454:test text
2022-04-02 23:29:27,455:test text
2022-04-02 23:29:27,455:test text
2022-04-02 23:29:27,456:test text
2022-04-02 23:29:27,456:test text
2022-04-02 23:29:27,456:test text
2022-04-02 23:29:27,464:test text
2022-04-02 23:29:27,516:test text
2022-04-02 23:29:27,681:test text
2022-04-02 23:29:27,740:test text
2022-04-02 23:29:27,747:test text
2022-04-02 23:29:27,796:test text
2022-04-02 23:29:27,853:test text
2022-04-02 23:29:27,949:test text
2022-04-02 23:29:28,065:test text
2022-04-02 23:29:28,070:test text
2022-04-02 23:29:28,075:test text
2022-04-02 23:29:28,086:test text
2022-04-02 23:29:28,100:test text
2022-04-02 23:29:28,164:test text
2022-04-02 23:29:28,256:test text
2022-04-02 23:29:28,259:test text
2022-04-02 23:29:28,263:test text
2022-04-02 23:29:28,296:test text
2022-04-02 23:29:28,380:test text
2022-04-02 23:29:28,399:test text
2022-04-02 23:29:28,403:test text
2022-04-02 23:29:28,408:test text
2022-04-02 23:29:28,413:test text
2022-04-02 23:29:28,414:test text
2022-04-02 23:29:28,703:test text
2022-04-02 23:29:28,707:test text
2022-04-02 23:29:28,820:test text
2022-04-02 23:29:28,884:test text
2022-04-02 23:29:28,972:test text
2022-04-02 23:29:29,038:test text
2022-04-02 23:29:29,209:test text
2022-04-02 23:29:29,236:test text
2022-04-02 23:29:29,250:test text
2022-04-02 23:29:29,280:test text
2022-04-02 23:29:29,285:test text
2022-04-02 23:29:29,338:test text
2022-04-02 23:29:29,405:test text
2022-04-02 23:29:29,501:test text
2022-04-02 23:29:29,502:test text
2022-04-02 23:29:29,599:test text
2022-04-02 23:29:29,663:test text
2022-04-02 23:29:29,727:test text
2022-04-02 23:29:29,732:test text
2022-04-02 23:29:29,985:test text
2022-04-02 23:29:30,030:test text
2022-04-02 23:29:30,079:test text
2022-04-02 23:29:30,134:test text
2022-04-02 23:29:30,161:test text
2022-04-02 23:29:30,250:test text
2022-04-02 23:29:30,290:test text
2022-04-02 23:29:30,427:test text
2022-04-02 23:29:30,432:test text
2022-04-02 23:29:30,437:test text
2022-04-02 23:29:30,443:test text
2022-04-02 23:29:30,458:test text
2022-04-02 23:29:30,459:test text
2022-04-02 23:29:30,459:test text
2022-04-02 23:29:30,460:test text
2022-04-02 23:29:30,461:test text
2022-04-02 23:29:30,461:test text
2022-04-02 23:29:30,462:test text
2022-04-02 23:29:30,464:test text
2022-04-02 23:29:30,465:test text
2022-04-02 23:29:30,465:test text
2022-04-02 23:29:30,465:test text
2022-04-02 23:29:30,469:test text
2022-04-02 23:29:30,469:test text
2022-04-02 23:29:30,469:test text
2022-04-02 23:29:30,469:test text
2022-04-02 23:29:30,470:test text
2022-04-02 23:29:30,470:test text
2022-04-02 23:29:30,470:test text
2022-04-02 23:29:30,470:test text
2022-04-02 23:29:30,472:test text
2022-04-02 23:29:30,473:test text
2022-04-02 23:29:30,473:test text
2022-04-02 23:29:30,473:test text
2022-04-02 23:29:30,473:test text
2022-04-02 23:29:30,475:test text
2022-04-02 23:29:30,479:test text
2022-04-02 23:29:30,479:test text
2022-04-02 23:29:30,479:test text
2022-04-02 23:29:30,480:test text
2022-04-02 23:29:30,483:test text
2022-04-02 23:29:30,483:test text
2022-04-02 23:29:30,484:test text
2022-04-02 23:29:30,489:test text
2022-04-02 23:29:30,489:test text
2022-04-02 23:29:30,490:test text
2022-04-02 23:29:30,490:test text
2022-04-02 23:29:30,493:test text
2022-04-02 23:29:30,496:test text
2022-04-02 23:29:30,498:test text
2022-04-02 23:29:30,503:test text
2022-04-02 23:29:30,508:test text
2022-04-02 23:29:30,517:test text
2022-04-02 23:29:30,518:test text
2022-04-02 23:29:30,556:test text
2022-04-02 23:29:30,565:test text
2022-04-02 23:29:30,572:test text
2022-04-02 23:29:30,678:test text
2022-04-02 23:29:30,680:test text
2022-04-02 23:29:30,723:test text
2022-04-02 23:29:30,812:test text
2022-04-02 23:29:30,894:test text
2022-04-02 23:29:31,447:test text
2022-04-02 23:29:31,447:test text
2022-04-02 23:29:31,447:test text
2022-04-02 23:29:31,447:test text
2022-04-02 23:29:31,447:test text
2022-04-02 23:29:31,487:test text
